<?xml version="1.0" encoding="UTF-8"?>
<testsuite name="Yo como analista de automatizacion" tests="1" skipped="0" failures="1" errors="0" timestamp="2023-02-27T22:10:59" hostname="SSBOG5CG1081NY4" time="17.589">
  <properties/>
  <testcase name="Seleccionar fecha en &quot;Select Date&quot;" classname="Yo como analista de automatizacion" time="17.589">
    <failure message="java.lang.AssertionError: El valor obtenido no es igual al esperado. - &#13;&#10;Expected: &quot;agosto/24/1991&quot;&#13;&#10;     but: was &quot;August/24/1991&quot;" type="java.lang.AssertionError">java.lang.AssertionError: El valor obtenido no es igual al esperado. - 
Expected: &quot;agosto/24/1991&quot;
     but: was &quot;August/24/1991&quot;
	at net.serenitybdd.screenplay.ErrorTally.throwSummaryExceptionFrom(ErrorTally.java:38)
	at net.serenitybdd.screenplay.ErrorTally.reportAnyErrors(ErrorTally.java:32)
	at net.serenitybdd.screenplay.Actor.should(Actor.java:390)
	at com.sophossolutions.tasks.alerts.ValidarFecha.performAs(ValidarFecha.java:25)
	at com.sophossolutions.tasks.alerts.ValidarFecha$ByteBuddy$3FVjJa5U.performAs$accessor$bIxpveY3(Unknown Source)
	at sun.reflect.NativeMethodAccessorImpl.invoke0(Native Method)
	at sun.reflect.NativeMethodAccessorImpl.invoke(NativeMethodAccessorImpl.java:62)
	at sun.reflect.DelegatingMethodAccessorImpl.invoke(DelegatingMethodAccessorImpl.java:43)
	at java.lang.reflect.Method.invoke(Method.java:498)
	at net.thucydides.core.steps.StepInterceptor.invokeMethod(StepInterceptor.java:518)
	at net.thucydides.core.steps.StepInterceptor.executeTestStepMethod(StepInterceptor.java:498)
	at net.thucydides.core.steps.StepInterceptor.runTestStep(StepInterceptor.java:472)
	at net.thucydides.core.steps.StepInterceptor.runOrSkipMethod(StepInterceptor.java:211)
	at net.thucydides.core.steps.StepInterceptor.testStepResult(StepInterceptor.java:198)
	at net.thucydides.core.steps.StepInterceptor.intercept(StepInterceptor.java:86)
	at net.thucydides.core.steps.ProxyConfiguration$InterceptorDispatcher.intercept(ProxyConfiguration.java:51)
	at com.sophossolutions.tasks.alerts.ValidarFecha$ByteBuddy$3FVjJa5U.performAs(Unknown Source)
	at net.serenitybdd.screenplay.Actor.performTask(Actor.java:291)
	at net.serenitybdd.screenplay.Actor.perform(Actor.java:270)
	at net.serenitybdd.screenplay.Actor.attemptsTo(Actor.java:210)
	at net.serenitybdd.screenplay.Actor.attemptsTo(Actor.java:217)
	at com.sophossolutions.stepdefinitions.DatePickerStepDefinitions.visualizaLaFechaSeleccionada(DatePickerStepDefinitions.java:34)
	at ✽.visualiza la fecha seleccionada del archivo data.csv(file:///C:/Users/julian.garay/WorkSpaceVSC/EjerciciosPracticos/src/test/resources/features/date_picker.feature:10)
</failure>
  </testcase>
  <system-out><![CDATA[]]></system-out>
  <system-err><![CDATA[Starting ChromeDriver 110.0.5481.77 (65ed616c6e8ee3fe0ad64fe83796c020644d42af-refs/branch-heads/5481@{#839}) on port 11848
Only local connections are allowed.
Please see https://chromedriver.chromium.org/security-considerations for suggestions on keeping ChromeDriver safe.
ChromeDriver was started successfully.
[1677535864.147][WARNING]: virtual void DevToolsClientImpl::AddListener(DevToolsEventListener *) subscribing a listener to the already connected DevToolsClient. Connection notification will not arrive.
feb 27, 2023 5:11:04 PM org.openqa.selenium.devtools.CdpVersionFinder findNearestMatch
ADVERTENCIA: Unable to find an exact match for CDP version 110, so returning the closest version found: 109
]]></system-err>
</testsuite>
